<?xml version="1.0" encoding="UTF-8"?>
<!-- Generated by org.testng.reporters.JUnitXMLReporter -->
<testsuite hostname="compaq-PC" ignored="0" name="CRM" tests="2" failures="0" timestamp="30 Nov 2017 11:58:58 GMT" time="0.325" errors="0">
  <testcase name="@BeforeMethod beforeMethod" time="0.0" classname="framework.Annotations">
    <failure type="org.testng.TestNGException" message="
Parameter &amp;apos;browser&amp;apos; is required by BeforeMethod on method beforeMethod but has not been marked @Optional or defined
in C:\Selenium_bavani\Bavani_Selenium\Selenium\testngDataprovider.xml">
      <![CDATA[org.testng.TestNGException: 
Parameter 'browser' is required by BeforeMethod on method beforeMethod but has not been marked @Optional or defined
in C:\Selenium_bavani\Bavani_Selenium\Selenium\testngDataprovider.xml
... Removed 25 stack frames]]>
    </failure>
  </testcase> <!-- @BeforeMethod beforeMethod -->
  <testcase name="@AfterMethod afterMethod" time="0.0" classname="framework.Annotations">
    <skipped/>
  </testcase> <!-- @AfterMethod afterMethod -->
  <testcase name="@BeforeMethod beforeMethod" time="0.0" classname="framework.Annotations">
    <skipped/>
  </testcase> <!-- @BeforeMethod beforeMethod -->
  <testcase name="@AfterMethod afterMethod" time="0.0" classname="framework.Annotations">
    <skipped/>
  </testcase> <!-- @AfterMethod afterMethod -->
  <testcase name="@AfterClass afterClass" time="0.0" classname="framework.Annotations">
    <skipped/>
  </testcase> <!-- @AfterClass afterClass -->
  <testcase name="@AfterTest afterTest" time="0.0" classname="framework.Annotations">
    <skipped/>
  </testcase> <!-- @AfterTest afterTest -->
  <testcase name="creatLead" time="0.078" classname="dataprovider.CreateLead">
    <skipped/>
  </testcase> <!-- creatLead -->
  <testcase name="creatLead" time="0.0" classname="dataprovider.CreateLead">
    <skipped/>
  </testcase> <!-- creatLead -->
</testsuite> <!-- CRM -->
